<?xml version="1.0" encoding="UTF-8"?>
<!-- Generated by org.testng.reporters.JUnitXMLReporter -->
<testsuite ignored="0" hostname="Aruns-MacBook-Pro.local" failures="0" tests="3" name="API Tests" time="0.766" errors="0" timestamp="2024-11-29T01:14:09 IST">
  <testcase classname="com.example.library.tests.RestAssuredTests" name="testAddBook" time="0.542"/>
  <testcase classname="com.example.library.tests.RestAssuredTests" name="testDeleteBook" time="0.032"/>
  <testcase classname="com.example.library.tests.RestAssuredTests" name="testGetBooks" time="0.033"/>
</testsuite> <!-- API Tests -->
