<?xml version="1.0" encoding="UTF-8"?>
<!-- Generated by org.testng.reporters.JUnitXMLReporter -->
<testsuite ignored="0" hostname="Aruns-MacBook-Pro.local.hq.corp.viasat.com" failures="0" tests="3" name="Default test" time="0.704" errors="0" timestamp="2024-11-29T14:59:53 IST">
  <testcase classname="com.example.library.RestAssuredTest" name="testAddBook" time="0.51"/>
  <testcase classname="com.example.library.RestAssuredTest" name="testDeleteBook" time="0.029"/>
  <testcase classname="com.example.library.RestAssuredTest" name="testGetBooks" time="0.019"/>
</testsuite> <!-- Default test -->
