<?xml version="1.0" encoding="UTF-8"?>
<testng-results ignored="0" total="3" passed="3" failed="0" skipped="0">
  <reporter-output>
  </reporter-output>
  <suite started-at="2024-11-29T14:59:52 IST" name="Default suite" finished-at="2024-11-29T14:59:53 IST" duration-ms="704">
    <groups>
    </groups>
    <test started-at="2024-11-29T14:59:52 IST" name="Default test" finished-at="2024-11-29T14:59:53 IST" duration-ms="704">
      <class name="com.example.library.RestAssuredTest">
        <test-method is-config="true" signature="setup()[pri:0, instance:com.example.library.RestAssuredTest@3f56875e]" started-at="2024-11-29T14:59:52 IST" name="setup" finished-at="2024-11-29T14:59:52 IST" duration-ms="135" status="PASS">
          <reporter-output>
          </reporter-output>
        </test-method> <!-- setup -->
        <test-method signature="testAddBook()[pri:0, instance:com.example.library.RestAssuredTest@3f56875e]" started-at="2024-11-29T14:59:52 IST" name="testAddBook" finished-at="2024-11-29T14:59:52 IST" duration-ms="510" status="PASS">
          <reporter-output>
          </reporter-output>
        </test-method> <!-- testAddBook -->
        <test-method signature="testDeleteBook()[pri:0, instance:com.example.library.RestAssuredTest@3f56875e]" started-at="2024-11-29T14:59:52 IST" name="testDeleteBook" finished-at="2024-11-29T14:59:52 IST" duration-ms="29" status="PASS">
          <reporter-output>
          </reporter-output>
        </test-method> <!-- testDeleteBook -->
        <test-method signature="testGetBooks()[pri:0, instance:com.example.library.RestAssuredTest@3f56875e]" started-at="2024-11-29T14:59:52 IST" name="testGetBooks" finished-at="2024-11-29T14:59:53 IST" duration-ms="19" status="PASS">
          <reporter-output>
          </reporter-output>
        </test-method> <!-- testGetBooks -->
      </class> <!-- com.example.library.RestAssuredTest -->
    </test> <!-- Default test -->
  </suite> <!-- Default suite -->
</testng-results>
